<?xml version="1.0" encoding="UTF-8"?>
<!-- Generated by org.testng.reporters.JUnitXMLReporter -->
<testsuite ignored="0" hostname="PraveenKagawade" failures="0" tests="4" name="Default test" time="39.26" errors="0" timestamp="2025-11-24T19:21:58 IST">
  <testcase classname="testCaseRepo.TC_001" name="LE_001" time="4.839">
    <skipped/>
  </testcase> <!-- LE_001 -->
  <testcase classname="testCaseRepo.TC_001" name="LE_001" time="6.673">
    <skipped/>
  </testcase> <!-- LE_001 -->
  <testcase classname="testCaseRepo.TC_001" name="LE_001" time="4.804">
    <skipped/>
  </testcase> <!-- LE_001 -->
  <testcase classname="testCaseRepo.TC_001" name="LE_001" time="7.741"/>
</testsuite> <!-- Default test -->
