<?xml version="1.0" encoding="UTF-8"?>
<!-- Generated by org.testng.reporters.JUnitXMLReporter -->
<testsuite ignored="4" hostname="PraveenKagawade" failures="0" tests="3" name="Test" time="85.301" errors="0" timestamp="2025-11-29T17:15:08 IST">
  <testcase classname="testCaseRepo.TC_003" name="LE003" time="34.222"/>
  <testcase classname="testCaseRepo.TC_002Test" name="LE_002" time="7.088"/>
  <testcase classname="testCaseRepo.TC_004" name="ORG_001" time="9.266"/>
  <testcase classname="genericUtility.BaseClass" name="@BeforeSuite createDBConnection" time="0.0">
    <ignored/>
  </testcase> <!-- @BeforeSuite createDBConnection -->
  <testcase classname="genericUtility.BaseClass" name="@AfterSuite closeDBConnection" time="0.0">
    <ignored/>
  </testcase> <!-- @AfterSuite closeDBConnection -->
  <testcase classname="genericUtility.BaseClass" name="@BeforeSuite createDBConnection" time="0.0">
    <ignored/>
  </testcase> <!-- @BeforeSuite createDBConnection -->
  <testcase classname="genericUtility.BaseClass" name="@AfterSuite closeDBConnection" time="0.0">
    <ignored/>
  </testcase> <!-- @AfterSuite closeDBConnection -->
</testsuite> <!-- Test -->
