<?xml version="1.0" encoding="UTF-8"?>
<!-- Generated by org.testng.reporters.JUnitXMLReporter -->
<testsuite ignored="4" hostname="PraveenKagawade" failures="0" tests="3" name="Test" time="45.181" errors="0" timestamp="2025-11-24T19:39:21 IST">
  <testcase classname="testCaseRepo.TC_003" name="LE003" time="10.29"/>
  <testcase classname="testCaseRepo.TC_002Test" name="LE_002" time="9.675"/>
  <testcase classname="testCaseRepo.TC_004" name="ORG_001" time="9.935"/>
  <testcase classname="genericUtility.BaseClass" name="@BeforeSuite createDBConnection" time="0.0">
    <ignored/>
  </testcase> <!-- @BeforeSuite createDBConnection -->
  <testcase classname="genericUtility.BaseClass" name="@AfterSuite closeDBConnection" time="0.0">
    <ignored/>
  </testcase> <!-- @AfterSuite closeDBConnection -->
  <testcase classname="genericUtility.BaseClass" name="@BeforeSuite createDBConnection" time="0.0">
    <ignored/>
  </testcase> <!-- @BeforeSuite createDBConnection -->
  <testcase classname="genericUtility.BaseClass" name="@AfterSuite closeDBConnection" time="0.0">
    <ignored/>
  </testcase> <!-- @AfterSuite closeDBConnection -->
</testsuite> <!-- Test -->
