<?xml version="1.0" encoding="UTF-8"?>
<testng-results ignored="0" total="3" passed="3" failed="0" skipped="0">
  <reporter-output>
  </reporter-output>
  <suite started-at="2025-11-24T19:38:36 IST" name="Suite" finished-at="2025-11-24T19:39:21 IST" duration-ms="45181">
    <groups>
      <group name="Sanity">
        <method signature="TC_003.LE003()[pri:0, instance:testCaseRepo.TC_003@7e07db1f]" name="LE003" class="testCaseRepo.TC_003"/>
      </group> <!-- Sanity -->
      <group name="Regression">
        <method signature="TC_002Test.LE_002()[pri:0, instance:testCaseRepo.TC_002Test@1d2adfbe]" name="LE_002" class="testCaseRepo.TC_002Test"/>
        <method signature="TC_004.ORG_001()[pri:0, instance:testCaseRepo.TC_004@36902638]" name="ORG_001" class="testCaseRepo.TC_004"/>
      </group> <!-- Regression -->
      <group name="Smoke">
        <method signature="TC_003.LE003()[pri:0, instance:testCaseRepo.TC_003@7e07db1f]" name="LE003" class="testCaseRepo.TC_003"/>
      </group> <!-- Smoke -->
    </groups>
    <test started-at="2025-11-24T19:38:36 IST" name="Test" finished-at="2025-11-24T19:39:21 IST" duration-ms="45181">
      <class name="testCaseRepo.TC_002Test">
        <test-method is-config="true" signature="browserLaunch(java.lang.String)[pri:0, instance:testCaseRepo.TC_002Test@1d2adfbe]" started-at="2025-11-24T19:38:53 IST" name="browserLaunch" finished-at="2025-11-24T19:38:55 IST" duration-ms="1744" status="PASS">
          <params>
            <param index="0">
              <value>
                <![CDATA[chrome]]>
              </value>
            </param>
          </params>
          <reporter-output>
          </reporter-output>
        </test-method> <!-- browserLaunch -->
        <test-method is-config="true" signature="loginOperation()[pri:0, instance:testCaseRepo.TC_002Test@1d2adfbe]" started-at="2025-11-24T19:38:55 IST" name="loginOperation" finished-at="2025-11-24T19:38:55 IST" duration-ms="301" status="PASS">
          <reporter-output>
          </reporter-output>
        </test-method> <!-- loginOperation -->
        <test-method signature="LE_002()[pri:0, instance:testCaseRepo.TC_002Test@1d2adfbe]" started-at="2025-11-24T19:38:55 IST" name="LE_002" finished-at="2025-11-24T19:39:05 IST" duration-ms="9675" status="PASS">
          <reporter-output>
          </reporter-output>
        </test-method> <!-- LE_002 -->
        <test-method is-config="true" signature="logoutOperation()[pri:0, instance:testCaseRepo.TC_002Test@1d2adfbe]" started-at="2025-11-24T19:39:05 IST" name="logoutOperation" finished-at="2025-11-24T19:39:06 IST" duration-ms="1196" status="PASS">
          <reporter-output>
          </reporter-output>
        </test-method> <!-- logoutOperation -->
        <test-method is-config="true" signature="closeBrowser()[pri:0, instance:testCaseRepo.TC_002Test@1d2adfbe]" started-at="2025-11-24T19:39:06 IST" name="closeBrowser" finished-at="2025-11-24T19:39:06 IST" duration-ms="245" status="PASS">
          <reporter-output>
          </reporter-output>
        </test-method> <!-- closeBrowser -->
      </class> <!-- testCaseRepo.TC_002Test -->
      <class name="testCaseRepo.TC_003">
        <test-method is-config="true" signature="createDBConnection()[pri:0, instance:testCaseRepo.TC_003@7e07db1f]" started-at="2025-11-24T19:38:36 IST" name="createDBConnection" finished-at="2025-11-24T19:38:36 IST" duration-ms="15" status="PASS">
          <reporter-output>
          </reporter-output>
        </test-method> <!-- createDBConnection -->
        <test-method is-config="true" signature="browserLaunch(java.lang.String)[pri:0, instance:testCaseRepo.TC_003@7e07db1f]" started-at="2025-11-24T19:38:36 IST" name="browserLaunch" finished-at="2025-11-24T19:38:38 IST" duration-ms="2763" status="PASS">
          <params>
            <param index="0">
              <value>
                <![CDATA[chrome]]>
              </value>
            </param>
          </params>
          <reporter-output>
          </reporter-output>
        </test-method> <!-- browserLaunch -->
        <test-method is-config="true" signature="loginOperation()[pri:0, instance:testCaseRepo.TC_003@7e07db1f]" started-at="2025-11-24T19:38:38 IST" name="loginOperation" finished-at="2025-11-24T19:38:41 IST" duration-ms="2296" status="PASS">
          <reporter-output>
          </reporter-output>
        </test-method> <!-- loginOperation -->
        <test-method signature="LE003()[pri:0, instance:testCaseRepo.TC_003@7e07db1f]" started-at="2025-11-24T19:38:41 IST" name="LE003" finished-at="2025-11-24T19:38:51 IST" duration-ms="10290" status="PASS">
          <reporter-output>
          </reporter-output>
        </test-method> <!-- LE003 -->
        <test-method is-config="true" signature="logoutOperation()[pri:0, instance:testCaseRepo.TC_003@7e07db1f]" started-at="2025-11-24T19:38:51 IST" name="logoutOperation" finished-at="2025-11-24T19:38:53 IST" duration-ms="1738" status="PASS">
          <reporter-output>
          </reporter-output>
        </test-method> <!-- logoutOperation -->
        <test-method is-config="true" signature="closeBrowser()[pri:0, instance:testCaseRepo.TC_003@7e07db1f]" started-at="2025-11-24T19:38:53 IST" name="closeBrowser" finished-at="2025-11-24T19:38:53 IST" duration-ms="385" status="PASS">
          <reporter-output>
          </reporter-output>
        </test-method> <!-- closeBrowser -->
        <test-method is-config="true" signature="closeDBConnection()[pri:0, instance:testCaseRepo.TC_003@7e07db1f]" started-at="2025-11-24T19:39:21 IST" name="closeDBConnection" finished-at="2025-11-24T19:39:21 IST" duration-ms="0" status="PASS">
          <reporter-output>
          </reporter-output>
        </test-method> <!-- closeDBConnection -->
      </class> <!-- testCaseRepo.TC_003 -->
      <class name="testCaseRepo.TC_004">
        <test-method is-config="true" signature="browserLaunch(java.lang.String)[pri:0, instance:testCaseRepo.TC_004@36902638]" started-at="2025-11-24T19:39:06 IST" name="browserLaunch" finished-at="2025-11-24T19:39:08 IST" duration-ms="2011" status="PASS">
          <params>
            <param index="0">
              <value>
                <![CDATA[chrome]]>
              </value>
            </param>
          </params>
          <reporter-output>
          </reporter-output>
        </test-method> <!-- browserLaunch -->
        <test-method is-config="true" signature="loginOperation()[pri:0, instance:testCaseRepo.TC_004@36902638]" started-at="2025-11-24T19:39:08 IST" name="loginOperation" finished-at="2025-11-24T19:39:09 IST" duration-ms="297" status="PASS">
          <reporter-output>
          </reporter-output>
        </test-method> <!-- loginOperation -->
        <test-method signature="ORG_001()[pri:0, instance:testCaseRepo.TC_004@36902638]" started-at="2025-11-24T19:39:09 IST" name="ORG_001" finished-at="2025-11-24T19:39:19 IST" duration-ms="9935" status="PASS">
          <reporter-output>
          </reporter-output>
        </test-method> <!-- ORG_001 -->
        <test-method is-config="true" signature="logoutOperation()[pri:0, instance:testCaseRepo.TC_004@36902638]" started-at="2025-11-24T19:39:19 IST" name="logoutOperation" finished-at="2025-11-24T19:39:21 IST" duration-ms="1995" status="PASS">
          <reporter-output>
          </reporter-output>
        </test-method> <!-- logoutOperation -->
        <test-method is-config="true" signature="closeBrowser()[pri:0, instance:testCaseRepo.TC_004@36902638]" started-at="2025-11-24T19:39:21 IST" name="closeBrowser" finished-at="2025-11-24T19:39:21 IST" duration-ms="249" status="PASS">
          <reporter-output>
          </reporter-output>
        </test-method> <!-- closeBrowser -->
      </class> <!-- testCaseRepo.TC_004 -->
    </test> <!-- Test -->
  </suite> <!-- Suite -->
</testng-results>
