<?xml version="1.0" encoding="UTF-8"?>
<testng-results ignored="0" total="3" passed="3" failed="0" skipped="0">
  <reporter-output>
  </reporter-output>
  <suite started-at="2025-11-24T19:32:51 IST" name="Suite" finished-at="2025-11-24T19:33:38 IST" duration-ms="47341">
    <groups>
      <group name="Sanity">
        <method signature="TC_003.LE003()[pri:0, instance:testCaseRepo.TC_003@6989da5e]" name="LE003" class="testCaseRepo.TC_003"/>
      </group> <!-- Sanity -->
      <group name="Regression">
        <method signature="TC_002Test.LE_002()[pri:0, instance:testCaseRepo.TC_002Test@229f66ed]" name="LE_002" class="testCaseRepo.TC_002Test"/>
        <method signature="TC_004.ORG_001()[pri:0, instance:testCaseRepo.TC_004@31190526]" name="ORG_001" class="testCaseRepo.TC_004"/>
      </group> <!-- Regression -->
      <group name="Smoke">
        <method signature="TC_003.LE003()[pri:0, instance:testCaseRepo.TC_003@6989da5e]" name="LE003" class="testCaseRepo.TC_003"/>
      </group> <!-- Smoke -->
    </groups>
    <test started-at="2025-11-24T19:32:51 IST" name="Test" finished-at="2025-11-24T19:33:38 IST" duration-ms="47341">
      <class name="testCaseRepo.TC_002Test">
        <test-method is-config="true" signature="browserLaunch(java.lang.String)[pri:0, instance:testCaseRepo.TC_002Test@229f66ed]" started-at="2025-11-24T19:32:51 IST" name="browserLaunch" finished-at="2025-11-24T19:32:55 IST" duration-ms="4078" status="PASS">
          <params>
            <param index="0">
              <value>
                <![CDATA[chrome]]>
              </value>
            </param>
          </params>
          <reporter-output>
          </reporter-output>
        </test-method> <!-- browserLaunch -->
        <test-method is-config="true" signature="loginOperation()[pri:0, instance:testCaseRepo.TC_002Test@229f66ed]" started-at="2025-11-24T19:32:55 IST" name="loginOperation" finished-at="2025-11-24T19:33:00 IST" duration-ms="4820" status="PASS">
          <reporter-output>
          </reporter-output>
        </test-method> <!-- loginOperation -->
        <test-method signature="LE_002()[pri:0, instance:testCaseRepo.TC_002Test@229f66ed]" started-at="2025-11-24T19:33:00 IST" name="LE_002" finished-at="2025-11-24T19:33:18 IST" duration-ms="17696" status="PASS">
          <reporter-output>
          </reporter-output>
        </test-method> <!-- LE_002 -->
        <test-method is-config="true" signature="logoutOperation()[pri:0, instance:testCaseRepo.TC_002Test@229f66ed]" started-at="2025-11-24T19:33:18 IST" name="logoutOperation" finished-at="2025-11-24T19:33:20 IST" duration-ms="2444" status="PASS">
          <reporter-output>
          </reporter-output>
        </test-method> <!-- logoutOperation -->
        <test-method is-config="true" signature="closeBrowser()[pri:0, instance:testCaseRepo.TC_002Test@229f66ed]" started-at="2025-11-24T19:33:20 IST" name="closeBrowser" finished-at="2025-11-24T19:33:21 IST" duration-ms="1311" status="PASS">
          <reporter-output>
          </reporter-output>
        </test-method> <!-- closeBrowser -->
      </class> <!-- testCaseRepo.TC_002Test -->
      <class name="testCaseRepo.TC_003">
        <test-method is-config="true" signature="createDBConnection()[pri:0, instance:testCaseRepo.TC_003@6989da5e]" started-at="2025-11-24T19:32:51 IST" name="createDBConnection" finished-at="2025-11-24T19:32:51 IST" duration-ms="17" status="PASS">
          <reporter-output>
          </reporter-output>
        </test-method> <!-- createDBConnection -->
        <test-method is-config="true" signature="browserLaunch(java.lang.String)[pri:0, instance:testCaseRepo.TC_003@6989da5e]" started-at="2025-11-24T19:32:51 IST" name="browserLaunch" finished-at="2025-11-24T19:32:55 IST" duration-ms="4489" status="PASS">
          <params>
            <param index="0">
              <value>
                <![CDATA[chrome]]>
              </value>
            </param>
          </params>
          <reporter-output>
          </reporter-output>
        </test-method> <!-- browserLaunch -->
        <test-method is-config="true" signature="loginOperation()[pri:0, instance:testCaseRepo.TC_003@6989da5e]" started-at="2025-11-24T19:32:55 IST" name="loginOperation" finished-at="2025-11-24T19:32:56 IST" duration-ms="877" status="PASS">
          <reporter-output>
          </reporter-output>
        </test-method> <!-- loginOperation -->
        <test-method signature="LE003()[pri:0, instance:testCaseRepo.TC_003@6989da5e]" started-at="2025-11-24T19:32:56 IST" name="LE003" finished-at="2025-11-24T19:33:21 IST" duration-ms="24292" status="PASS">
          <reporter-output>
          </reporter-output>
        </test-method> <!-- LE003 -->
        <test-method is-config="true" signature="logoutOperation()[pri:0, instance:testCaseRepo.TC_003@6989da5e]" started-at="2025-11-24T19:33:21 IST" name="logoutOperation" finished-at="2025-11-24T19:33:38 IST" duration-ms="17277" status="PASS">
          <reporter-output>
          </reporter-output>
        </test-method> <!-- logoutOperation -->
        <test-method is-config="true" signature="closeBrowser()[pri:0, instance:testCaseRepo.TC_003@6989da5e]" started-at="2025-11-24T19:33:38 IST" name="closeBrowser" finished-at="2025-11-24T19:33:38 IST" duration-ms="333" status="PASS">
          <reporter-output>
          </reporter-output>
        </test-method> <!-- closeBrowser -->
        <test-method is-config="true" signature="closeDBConnection()[pri:0, instance:testCaseRepo.TC_003@6989da5e]" started-at="2025-11-24T19:33:38 IST" name="closeDBConnection" finished-at="2025-11-24T19:33:38 IST" duration-ms="0" status="PASS">
          <reporter-output>
          </reporter-output>
        </test-method> <!-- closeDBConnection -->
      </class> <!-- testCaseRepo.TC_003 -->
      <class name="testCaseRepo.TC_004">
        <test-method is-config="true" signature="browserLaunch(java.lang.String)[pri:0, instance:testCaseRepo.TC_004@31190526]" started-at="2025-11-24T19:32:51 IST" name="browserLaunch" finished-at="2025-11-24T19:32:56 IST" duration-ms="4837" status="PASS">
          <params>
            <param index="0">
              <value>
                <![CDATA[chrome]]>
              </value>
            </param>
          </params>
          <reporter-output>
          </reporter-output>
        </test-method> <!-- browserLaunch -->
        <test-method is-config="true" signature="loginOperation()[pri:0, instance:testCaseRepo.TC_004@31190526]" started-at="2025-11-24T19:32:56 IST" name="loginOperation" finished-at="2025-11-24T19:32:56 IST" duration-ms="617" status="PASS">
          <reporter-output>
          </reporter-output>
        </test-method> <!-- loginOperation -->
        <test-method signature="ORG_001()[pri:0, instance:testCaseRepo.TC_004@31190526]" started-at="2025-11-24T19:32:56 IST" name="ORG_001" finished-at="2025-11-24T19:33:16 IST" duration-ms="19957" status="PASS">
          <reporter-output>
          </reporter-output>
        </test-method> <!-- ORG_001 -->
        <test-method is-config="true" signature="logoutOperation()[pri:0, instance:testCaseRepo.TC_004@31190526]" started-at="2025-11-24T19:33:16 IST" name="logoutOperation" finished-at="2025-11-24T19:33:21 IST" duration-ms="4449" status="PASS">
          <reporter-output>
          </reporter-output>
        </test-method> <!-- logoutOperation -->
        <test-method is-config="true" signature="closeBrowser()[pri:0, instance:testCaseRepo.TC_004@31190526]" started-at="2025-11-24T19:33:21 IST" name="closeBrowser" finished-at="2025-11-24T19:33:22 IST" duration-ms="1529" status="PASS">
          <reporter-output>
          </reporter-output>
        </test-method> <!-- closeBrowser -->
      </class> <!-- testCaseRepo.TC_004 -->
    </test> <!-- Test -->
  </suite> <!-- Suite -->
</testng-results>
