<?xml version="1.0" encoding="UTF-8"?>
<!-- Generated by org.testng.reporters.JUnitReportReporter -->
<testsuite hostname="PraveenKagawade" failures="0" tests="4" name="testCaseRepo.TC_001" time="35.781" errors="0" timestamp="2025-11-24T19:21:58 IST" skipped="3">
  <testcase classname="testCaseRepo.TC_001" name="LE_001" time="11.366">
    <system-out>
      <![CDATA[LE_001Test method execution started
LE_001 Test Method successfully executed]]>
    </system-out>
  </testcase> <!-- LE_001 -->
  <testcase classname="testCaseRepo.TC_001" name="LE_001" time="6.416">
    <skipped/>
    <system-out>
      <![CDATA[LE_001Test method execution started
LE_001Test method execution skipped]]>
    </system-out>
  </testcase> <!-- LE_001 -->
  <testcase classname="testCaseRepo.TC_001" name="LE_001" time="9.924">
    <skipped/>
    <system-out>
      <![CDATA[LE_001Test method execution started
LE_001Test method execution skipped]]>
    </system-out>
  </testcase> <!-- LE_001 -->
  <testcase classname="testCaseRepo.TC_001" name="LE_001" time="8.075">
    <skipped/>
    <system-out>
      <![CDATA[LE_001Test method execution started
LE_001Test method execution skipped]]>
    </system-out>
  </testcase> <!-- LE_001 -->
  <system-out>
    <![CDATA[LE_001Test method execution started
LE_001Test method execution skipped
LE_001Test method execution started
LE_001Test method execution skipped
LE_001Test method execution started
LE_001Test method execution skipped
LE_001Test method execution started
LE_001 Test Method successfully executed]]>
  </system-out>
</testsuite> <!-- testCaseRepo.TC_001 -->
